<?xml version="1.0" encoding="UTF-8"?>
<testsuites>
  <testsuite name="Project Test Suite" tests="1" assertions="0" errors="0" failures="1" skipped="0" time="0.005493">
    <testsuite name="App\Tests\LoginTest" file="/home/mister_d/moneyflash/tests/LoginTest.php" tests="1" assertions="0" errors="0" failures="1" skipped="0" time="0.005493">
      <testcase name="Warning" assertions="0" time="0.005493">
        <warning type="PHPUnit\Framework\Warning">Warning
No tests found in class "App\Tests\LoginTest".

</warning>
      </testcase>
    </testsuite>
  </testsuite>
</testsuites>
